Determining if the pthread_create exist failed with the following output:
Change Dir: /home/tongsir/ROS_SLAM/build/CMakeFiles/CMakeTmp

Run Build Command:"/usr/bin/make" "cmTC_a128c/fast"
/usr/bin/make -f CMakeFiles/cmTC_a128c.dir/build.make CMakeFiles/cmTC_a128c.dir/build
make[1]: Entering directory '/home/tongsir/ROS_SLAM/build/CMakeFiles/CMakeTmp'
Building C object CMakeFiles/cmTC_a128c.dir/CheckSymbolExists.c.o
/usr/bin/cc     -o CMakeFiles/cmTC_a128c.dir/CheckSymbolExists.c.o   -c /home/tongsir/ROS_SLAM/build/CMakeFiles/CMakeTmp/CheckSymbolExists.c
Linking C executable cmTC_a128c
/usr/bin/cmake -E cmake_link_script CMakeFiles/cmTC_a128c.dir/link.txt --verbose=1
/usr/bin/cc       CMakeFiles/cmTC_a128c.dir/CheckSymbolExists.c.o  -o cmTC_a128c -rdynamic 
CMakeFiles/cmTC_a128c.dir/CheckSymbolExists.c.o：在函数‘main’中：
CheckSymbolExists.c:(.text+0x16)：对‘pthread_create’未定义的引用
collect2: error: ld returned 1 exit status
CMakeFiles/cmTC_a128c.dir/build.make:97: recipe for target 'cmTC_a128c' failed
make[1]: *** [cmTC_a128c] Error 1
make[1]: Leaving directory '/home/tongsir/ROS_SLAM/build/CMakeFiles/CMakeTmp'
Makefile:126: recipe for target 'cmTC_a128c/fast' failed
make: *** [cmTC_a128c/fast] Error 2

File /home/tongsir/ROS_SLAM/build/CMakeFiles/CMakeTmp/CheckSymbolExists.c:
/* */
#include <pthread.h>

int main(int argc, char** argv)
{
  (void)argv;
#ifndef pthread_create
  return ((int*)(&pthread_create))[argc];
#else
  (void)argc;
  return 0;
#endif
}

Determining if the function pthread_create exists in the pthreads failed with the following output:
Change Dir: /home/tongsir/ROS_SLAM/build/CMakeFiles/CMakeTmp

Run Build Command:"/usr/bin/make" "cmTC_0ffc6/fast"
/usr/bin/make -f CMakeFiles/cmTC_0ffc6.dir/build.make CMakeFiles/cmTC_0ffc6.dir/build
make[1]: Entering directory '/home/tongsir/ROS_SLAM/build/CMakeFiles/CMakeTmp'
Building C object CMakeFiles/cmTC_0ffc6.dir/CheckFunctionExists.c.o
/usr/bin/cc    -DCHECK_FUNCTION_EXISTS=pthread_create   -o CMakeFiles/cmTC_0ffc6.dir/CheckFunctionExists.c.o   -c /usr/share/cmake-3.5/Modules/CheckFunctionExists.c
Linking C executable cmTC_0ffc6
/usr/bin/cmake -E cmake_link_script CMakeFiles/cmTC_0ffc6.dir/link.txt --verbose=1
/usr/bin/cc   -DCHECK_FUNCTION_EXISTS=pthread_create    CMakeFiles/cmTC_0ffc6.dir/CheckFunctionExists.c.o  -o cmTC_0ffc6 -rdynamic -lpthreads 
/usr/bin/ld: 找不到 -lpthreads
collect2: error: ld returned 1 exit status
CMakeFiles/cmTC_0ffc6.dir/build.make:97: recipe for target 'cmTC_0ffc6' failed
make[1]: *** [cmTC_0ffc6] Error 1
make[1]: Leaving directory '/home/tongsir/ROS_SLAM/build/CMakeFiles/CMakeTmp'
Makefile:126: recipe for target 'cmTC_0ffc6/fast' failed
make: *** [cmTC_0ffc6/fast] Error 2


Determining if the Q_WS_WIN exist failed with the following output:
Change Dir: /home/tongsir/ROS_SLAM/build/CMakeFiles/CMakeTmp

Run Build Command:"/usr/bin/make" "cmTC_729ae/fast"
/usr/bin/make -f CMakeFiles/cmTC_729ae.dir/build.make CMakeFiles/cmTC_729ae.dir/build
make[1]: Entering directory '/home/tongsir/ROS_SLAM/build/CMakeFiles/CMakeTmp'
Building CXX object CMakeFiles/cmTC_729ae.dir/CheckSymbolExists.cxx.o
/usr/bin/c++    -I/usr/include/qt4   -o CMakeFiles/cmTC_729ae.dir/CheckSymbolExists.cxx.o -c /home/tongsir/ROS_SLAM/build/CMakeFiles/CMakeTmp/CheckSymbolExists.cxx
/home/tongsir/ROS_SLAM/build/CMakeFiles/CMakeTmp/CheckSymbolExists.cxx: In function ‘int main(int, char**)’:
/home/tongsir/ROS_SLAM/build/CMakeFiles/CMakeTmp/CheckSymbolExists.cxx:8:19: error: ‘Q_WS_WIN’ was not declared in this scope
   return ((int*)(&Q_WS_WIN))[argc];
                   ^
CMakeFiles/cmTC_729ae.dir/build.make:65: recipe for target 'CMakeFiles/cmTC_729ae.dir/CheckSymbolExists.cxx.o' failed
make[1]: *** [CMakeFiles/cmTC_729ae.dir/CheckSymbolExists.cxx.o] Error 1
make[1]: Leaving directory '/home/tongsir/ROS_SLAM/build/CMakeFiles/CMakeTmp'
Makefile:126: recipe for target 'cmTC_729ae/fast' failed
make: *** [cmTC_729ae/fast] Error 2

File /home/tongsir/ROS_SLAM/build/CMakeFiles/CMakeTmp/CheckSymbolExists.cxx:
/* */
#include <QtCore/qglobal.h>

int main(int argc, char** argv)
{
  (void)argv;
#ifndef Q_WS_WIN
  return ((int*)(&Q_WS_WIN))[argc];
#else
  (void)argc;
  return 0;
#endif
}

Determining if the Q_WS_QWS exist failed with the following output:
Change Dir: /home/tongsir/ROS_SLAM/build/CMakeFiles/CMakeTmp

Run Build Command:"/usr/bin/make" "cmTC_2276c/fast"
/usr/bin/make -f CMakeFiles/cmTC_2276c.dir/build.make CMakeFiles/cmTC_2276c.dir/build
make[1]: Entering directory '/home/tongsir/ROS_SLAM/build/CMakeFiles/CMakeTmp'
Building CXX object CMakeFiles/cmTC_2276c.dir/CheckSymbolExists.cxx.o
/usr/bin/c++    -I/usr/include/qt4   -o CMakeFiles/cmTC_2276c.dir/CheckSymbolExists.cxx.o -c /home/tongsir/ROS_SLAM/build/CMakeFiles/CMakeTmp/CheckSymbolExists.cxx
/home/tongsir/ROS_SLAM/build/CMakeFiles/CMakeTmp/CheckSymbolExists.cxx: In function ‘int main(int, char**)’:
/home/tongsir/ROS_SLAM/build/CMakeFiles/CMakeTmp/CheckSymbolExists.cxx:8:19: error: ‘Q_WS_QWS’ was not declared in this scope
   return ((int*)(&Q_WS_QWS))[argc];
                   ^
CMakeFiles/cmTC_2276c.dir/build.make:65: recipe for target 'CMakeFiles/cmTC_2276c.dir/CheckSymbolExists.cxx.o' failed
make[1]: *** [CMakeFiles/cmTC_2276c.dir/CheckSymbolExists.cxx.o] Error 1
make[1]: Leaving directory '/home/tongsir/ROS_SLAM/build/CMakeFiles/CMakeTmp'
Makefile:126: recipe for target 'cmTC_2276c/fast' failed
make: *** [cmTC_2276c/fast] Error 2

File /home/tongsir/ROS_SLAM/build/CMakeFiles/CMakeTmp/CheckSymbolExists.cxx:
/* */
#include <QtCore/qglobal.h>

int main(int argc, char** argv)
{
  (void)argv;
#ifndef Q_WS_QWS
  return ((int*)(&Q_WS_QWS))[argc];
#else
  (void)argc;
  return 0;
#endif
}

Determining if the Q_WS_MAC exist failed with the following output:
Change Dir: /home/tongsir/ROS_SLAM/build/CMakeFiles/CMakeTmp

Run Build Command:"/usr/bin/make" "cmTC_f0a08/fast"
/usr/bin/make -f CMakeFiles/cmTC_f0a08.dir/build.make CMakeFiles/cmTC_f0a08.dir/build
make[1]: Entering directory '/home/tongsir/ROS_SLAM/build/CMakeFiles/CMakeTmp'
Building CXX object CMakeFiles/cmTC_f0a08.dir/CheckSymbolExists.cxx.o
/usr/bin/c++    -I/usr/include/qt4   -o CMakeFiles/cmTC_f0a08.dir/CheckSymbolExists.cxx.o -c /home/tongsir/ROS_SLAM/build/CMakeFiles/CMakeTmp/CheckSymbolExists.cxx
/home/tongsir/ROS_SLAM/build/CMakeFiles/CMakeTmp/CheckSymbolExists.cxx: In function ‘int main(int, char**)’:
/home/tongsir/ROS_SLAM/build/CMakeFiles/CMakeTmp/CheckSymbolExists.cxx:8:19: error: ‘Q_WS_MAC’ was not declared in this scope
   return ((int*)(&Q_WS_MAC))[argc];
                   ^
CMakeFiles/cmTC_f0a08.dir/build.make:65: recipe for target 'CMakeFiles/cmTC_f0a08.dir/CheckSymbolExists.cxx.o' failed
make[1]: *** [CMakeFiles/cmTC_f0a08.dir/CheckSymbolExists.cxx.o] Error 1
make[1]: Leaving directory '/home/tongsir/ROS_SLAM/build/CMakeFiles/CMakeTmp'
Makefile:126: recipe for target 'cmTC_f0a08/fast' failed
make: *** [cmTC_f0a08/fast] Error 2

File /home/tongsir/ROS_SLAM/build/CMakeFiles/CMakeTmp/CheckSymbolExists.cxx:
/* */
#include <QtCore/qglobal.h>

int main(int argc, char** argv)
{
  (void)argv;
#ifndef Q_WS_MAC
  return ((int*)(&Q_WS_MAC))[argc];
#else
  (void)argc;
  return 0;
#endif
}

